Arguments: 
  C:\Program Files\nodejs\node.exe C:\Users\jasonH\AppData\Roaming\npm\node_modules\yarn\bin\yarn.js add html-webpack-plugin -D

PATH: 
  C:\cygwin64\usr\local\bin;C:\cygwin64\bin;C:\Program Files\ConEmu\ConEmu\Scripts;C:\Program Files\ConEmu;C:\Program Files\ConEmu\ConEmu;C:\program files\graphicsmagick-1.3.28-q8;C:\ProgramData\Oracle\Java\javapath;C:\Program Files\MongoDB\Server\3.6\bin;C:\ProgramData\chocolatey\bin;C:\Program Files\Git\cmd;C:\Users\jasonH\AppData\Roaming\nvm;C:\Program Files\nodejs;C:\Program Files\nodejs;C:\Program Files\Intel\WiFi\bin;C:\Program Files\Common Files\Intel\WirelessCommon;C:\Program Files (x86)\Microsoft VS Code\bin;C:\Program Files\Heroku\bin;C:\Program Files\Java\jre1.8.0_161\bin;C:\Program Files\Docker Toolbox;C:\Users\jasonH\AppData\Roaming\nvm;C:\Program Files\nodejs;C:\Users\jasonH\AppData\Roaming\npm

Yarn version: 
  1.3.2

Node version: 
  8.11.1

Platform: 
  win32 x64

npm manifest: 
  {
    "name": "webpack-test",
    "version": "1.0.0",
    "description": "",
    "main": "index.js",
    "scripts": {
      "test": "echo \"Error: no test specified\" && exit 1"
    },
    "dependencies": {
      "react": "^16.2.0",
      "react-delay-render": "^0.1.2",
      "react-dom": "^16.2.0",
      "react-imported-component": "^1.0.4",
      "react-prop-types": "^0.4.0",
      "react-router-dom": "^4.2.2",
      "semantic-ui-react": "^0.75.1"
    },
    "devDependencies": {
      "babel-core": "^6.26.0",
      "babel-loader": "^7.1.3",
      "babel-preset-env": "^1.6.1",
      "babel-preset-react": "^6.24.1",
      "babel-preset-stage-1": "^6.24.1",
      "chalk": "^2.3.1",
      "cross-env": "^5.1.3",
      "css-loader": "^0.28.10",
      "extract-text-webpack-plugin": "4.0.0-alpha.0",
      // "html-webpack-plugin": "webpack-contrib/html-webpack-plugin",
      "postcss-loader": "^2.1.1",
      "react-hot-loader": "^3.1.3",
      "rimraf": "^2.6.2",
      "style-loader": "^0.19.1",
      "webpack": "^4.0.0",
      "webpack-bundle-analyzer": "^2.11.0",
      "webpack-cli": "^2.0.9",
      "webpack-dev-server": "^3.0.0",
      "webpack-merge": "^4.1.2"
    },
    "keywords": [],
    "author": "",
    "license": "ISC"
  }

yarn manifest: 
  No manifest

Lockfile: 
  No lockfile

Trace: 
  SyntaxError: D:\git\webpack-test\package.json: Unexpected token / in JSON at position 757
      at JSON.parse (<anonymous>)
      at C:\Users\jasonH\AppData\Roaming\npm\node_modules\yarn\lib\cli.js:770:59
      at Generator.next (<anonymous>)
      at step (C:\Users\jasonH\AppData\Roaming\npm\node_modules\yarn\lib\cli.js:92:30)
      at C:\Users\jasonH\AppData\Roaming\npm\node_modules\yarn\lib\cli.js:103:13
      at <anonymous>
